<?xml version="1.0" encoding="UTF-8"?>
<robot generator="Robot 3.2.2 (Python 3.9.0 on win32)" generated="20201207 11:43:14.991" rpa="false">
<suite id="s1" name="TC002BDDframework" source="D:\Python Projects\RobotFramework\TestCases\TC002BDDframework.robot">
<test id="s1-t1" name="Test cases with BDD format">
<kw name="Given Init Browser" library="ResourceFiles">
<kw name="Open Browser" library="SeleniumLibrary">
<doc>Opens a new browser instance to the optional ``url``.</doc>
<arguments>
<arg>${url}</arg>
<arg>${Browser}</arg>
</arguments>
<msg timestamp="20201207 11:43:16.551" level="INFO">Opening browser 'Chrome' to base url 'http://www.google.com'.</msg>
<status status="PASS" starttime="20201207 11:43:16.550" endtime="20201207 11:43:23.356"></status>
</kw>
<kw name="Maximize Browser Window" library="SeleniumLibrary">
<doc>Maximizes current browser window.</doc>
<status status="PASS" starttime="20201207 11:43:23.356" endtime="20201207 11:43:25.491"></status>
</kw>
<status status="PASS" starttime="20201207 11:43:16.549" endtime="20201207 11:43:25.492"></status>
</kw>
<kw name="When Enter text in google search box" library="ResourceFiles">
<doc>This keyword will enter the text in google search box</doc>
<arguments>
<arg>selenium1</arg>
</arguments>
<kw name="Input Text" library="SeleniumLibrary">
<doc>Types the given ``text`` into the text field identified by ``locator``.</doc>
<arguments>
<arg>${searchBox}</arg>
<arg>${value}</arg>
</arguments>
<msg timestamp="20201207 11:43:25.502" level="INFO">Typing text 'selenium1' into text field 'name:q'.</msg>
<status status="PASS" starttime="20201207 11:43:25.494" endtime="20201207 11:43:25.757"></status>
</kw>
<timeout value="40 seconds"></timeout>
<status status="PASS" starttime="20201207 11:43:25.493" endtime="20201207 11:43:25.757"></status>
</kw>
<kw name="Then stop browser" library="ResourceFiles">
<kw name="Close Browser" library="SeleniumLibrary">
<doc>Closes the current browser.</doc>
<status status="PASS" starttime="20201207 11:43:25.762" endtime="20201207 11:43:28.620"></status>
</kw>
<status status="PASS" starttime="20201207 11:43:25.760" endtime="20201207 11:43:28.621"></status>
</kw>
<status status="PASS" starttime="20201207 11:43:16.547" endtime="20201207 11:43:28.622" critical="yes"></status>
</test>
<status status="PASS" starttime="20201207 11:43:15.010" endtime="20201207 11:43:28.625"></status>
</suite>
<statistics>
<total>
<stat pass="1" fail="0">Critical Tests</stat>
<stat pass="1" fail="0">All Tests</stat>
</total>
<tag>
</tag>
<suite>
<stat pass="1" fail="0" id="s1" name="TC002BDDframework">TC002BDDframework</stat>
</suite>
</statistics>
<errors>
</errors>
</robot>
