<?xml version="1.0" encoding="UTF-8"?>
<robot generator="Robot 3.2.2 (Python 3.9.0 on win32)" generated="20201208 14:54:38.480" rpa="false">
<suite id="s1" name="TC001OpenAndCloseBrowser" source="D:\Python Projects\RobotFramework\TestCases\TC001OpenAndCloseBrowser.robot">
<test id="s1-t1" name="Start And Close Browser">
<kw name="Init Browser" library="ResourceFiles" type="setup">
<kw name="Open Browser" library="SeleniumLibrary">
<doc>Opens a new browser instance to the optional ``url``.</doc>
<arguments>
<arg>${url}</arg>
<arg>${Browser}</arg>
</arguments>
<msg timestamp="20201208 14:54:39.975" level="INFO">Opening browser 'Chrome' to base url 'http://www.google.com'.</msg>
<status status="PASS" starttime="20201208 14:54:39.974" endtime="20201208 14:54:46.603"></status>
</kw>
<kw name="Maximize Browser Window" library="SeleniumLibrary">
<doc>Maximizes current browser window.</doc>
<status status="PASS" starttime="20201208 14:54:46.604" endtime="20201208 14:54:48.738"></status>
</kw>
<status status="PASS" starttime="20201208 14:54:39.973" endtime="20201208 14:54:48.738"></status>
</kw>
<kw name="Clear Element Text" library="SeleniumLibrary">
<doc>Clears the value of the text-input-element identified by ``locator``.</doc>
<arguments>
<arg>name:q</arg>
</arguments>
<status status="PASS" starttime="20201208 14:54:48.740" endtime="20201208 14:54:48.839"></status>
</kw>
<kw name="Enter text in google search box" library="ResourceFiles">
<doc>This keyword will enter the text in google search box</doc>
<arguments>
<arg>selenium1</arg>
</arguments>
<kw name="Read Locator From Json" library="locators">
<arguments>
<arg>searchBox</arg>
</arguments>
<assign>
<var>${locator}</var>
</assign>
<msg timestamp="20201208 14:54:48.854" level="INFO">${locator} = q</msg>
<status status="PASS" starttime="20201208 14:54:48.841" endtime="20201208 14:54:48.854"></status>
</kw>
<kw name="Input Text" library="SeleniumLibrary">
<doc>Types the given ``text`` into the text field identified by ``locator``.</doc>
<arguments>
<arg>name:${locator}</arg>
<arg>${value}</arg>
</arguments>
<msg timestamp="20201208 14:54:48.856" level="INFO">Typing text 'selenium1' into text field 'name:q'.</msg>
<status status="PASS" starttime="20201208 14:54:48.854" endtime="20201208 14:54:49.052"></status>
</kw>
<timeout value="40 seconds"></timeout>
<status status="PASS" starttime="20201208 14:54:48.840" endtime="20201208 14:54:49.052"></status>
</kw>
<kw name="Using python functions from external keywords" library="ResourceFiles">
<arguments>
<arg>E:\\ramFolder</arg>
</arguments>
<kw name="Create Folder" library="pythonFunctions">
<arguments>
<arg>${file_path}</arg>
</arguments>
<status status="PASS" starttime="20201208 14:54:49.055" endtime="20201208 14:54:49.425"></status>
</kw>
<status status="PASS" starttime="20201208 14:54:49.054" endtime="20201208 14:54:49.426"></status>
</kw>
<kw name="stop browser" library="ResourceFiles" type="teardown">
<kw name="Close Browser" library="SeleniumLibrary">
<doc>Closes the current browser.</doc>
<status status="PASS" starttime="20201208 14:54:49.428" endtime="20201208 14:54:52.040"></status>
</kw>
<status status="PASS" starttime="20201208 14:54:49.427" endtime="20201208 14:54:52.041"></status>
</kw>
<tags>
<tag>anyname1</tag>
<tag>sanity</tag>
<tag>smoke</tag>
</tags>
<status status="PASS" starttime="20201208 14:54:39.971" endtime="20201208 14:54:52.042" critical="yes"></status>
</test>
<status status="PASS" starttime="20201208 14:54:38.496" endtime="20201208 14:54:52.046"></status>
</suite>
<statistics>
<total>
<stat pass="1" fail="0">Critical Tests</stat>
<stat pass="1" fail="0">All Tests</stat>
</total>
<tag>
<stat pass="1" fail="0">anyname1</stat>
<stat pass="1" fail="0">sanity</stat>
<stat pass="1" fail="0">smoke</stat>
</tag>
<suite>
<stat pass="1" fail="0" id="s1" name="TC001OpenAndCloseBrowser">TC001OpenAndCloseBrowser</stat>
</suite>
</statistics>
<errors>
</errors>
</robot>
